2026-03-31T14:50:02Z INF Starting tunnel tunnelID=8825530a-d505-4d9e-bd15-bbc1b85c1f15
2026-03-31T14:50:02Z INF Version 2026.3.0 (Checksum 59b12880b24af581cf5b1013db601c7d843b9b097e9c78aa5957c7f39f741885)
2026-03-31T14:50:02Z INF GOOS: windows, GOVersion: go1.24.13, GoArch: amd64
2026-03-31T14:50:02Z INF Settings: map[cred-file:C:\Users\JML\.cloudflared\8825530a-d505-4d9e-bd15-bbc1b85c1f15.json credentials-file:C:\Users\JML\.cloudflared\8825530a-d505-4d9e-bd15-bbc1b85c1f15.json no-autoupdate:true p:http2 protocol:http2]
2026-03-31T14:50:02Z INF cloudflared will not automatically update on Windows systems.
2026-03-31T14:50:02Z INF Generated Connector ID: d8a40fef-fdc6-4fe4-acb2-936d4a132f5e
2026-03-31T14:50:02Z INF Initial protocol http2
2026-03-31T14:50:02Z INF ICMP proxy will use 192.168.1.83 as source for IPv4
2026-03-31T14:50:02Z INF ICMP proxy will use fe80::ea99:c3ff:6e28:d42 in zone Wi-Fi 2 as source for IPv6
2026-03-31T14:50:03Z INF cloudflared does not support loading the system root certificate pool on Windows. Please use --origin-ca-pool <PATH> to specify the path to the certificate pool
2026-03-31T14:50:03Z INF cloudflared does not support loading the system root certificate pool on Windows. Please use --origin-ca-pool <PATH> to specify the path to the certificate pool
2026-03-31T14:50:03Z INF ICMP proxy will use 192.168.1.83 as source for IPv4
2026-03-31T14:50:03Z INF ICMP proxy will use fe80::ea99:c3ff:6e28:d42 in zone Wi-Fi 2 as source for IPv6
2026-03-31T14:50:03Z INF Starting metrics server on 127.0.0.1:20242/metrics
2026-03-31T14:50:03Z INF Registered tunnel connection connIndex=0 connection=0387ddab-ad3f-48d2-bced-48790e4a229c event=0 ip=198.41.200.113 location=dfw08 protocol=http2
2026-03-31T14:50:04Z INF Registered tunnel connection connIndex=1 connection=c8f05146-bb51-4d80-b15b-34d9ca0369a5 event=0 ip=198.41.192.57 location=dfw05 protocol=http2
2026-03-31T14:50:04Z INF Registered tunnel connection connIndex=2 connection=f59d8325-5a9a-49bc-8e53-1266b85d2b5a event=0 ip=198.41.200.33 location=dfw06 protocol=http2
2026-03-31T14:50:05Z INF Registered tunnel connection connIndex=3 connection=74bb9659-acec-48a6-98c0-aadd1ab3e2c5 event=0 ip=198.41.192.47 location=dfw05 protocol=http2
2026-03-31T15:16:31Z ERR  error="Unable to reach the origin service. The service may be down or it may not be responding to traffic from cloudflared: dial tcp [::1]:3001: connectex: No connection could be made because the target machine actively refused it." connIndex=2 event=1 ingressRule=0 originService=http://localhost:3001
2026-03-31T15:16:31Z ERR failed to serve incoming request error="Failed to proxy HTTP: Unable to reach the origin service. The service may be down or it may not be responding to traffic from cloudflared: dial tcp [::1]:3001: connectex: No connection could be made because the target machine actively refused it."
2026-03-31T15:16:31Z ERR  error="Unable to reach the origin service. The service may be down or it may not be responding to traffic from cloudflared: dial tcp [::1]:3001: connectex: No connection could be made because the target machine actively refused it." connIndex=3 event=1 ingressRule=0 originService=http://localhost:3001
2026-03-31T15:16:31Z ERR failed to serve incoming request error="Failed to proxy HTTP: Unable to reach the origin service. The service may be down or it may not be responding to traffic from cloudflared: dial tcp [::1]:3001: connectex: No connection could be made because the target machine actively refused it."
2026-03-31T15:16:32Z ERR  error="Unable to reach the origin service. The service may be down or it may not be responding to traffic from cloudflared: dial tcp [::1]:3001: connectex: No connection could be made because the target machine actively refused it." connIndex=3 event=1 ingressRule=0 originService=http://localhost:3001
2026-03-31T15:16:32Z ERR failed to serve incoming request error="Failed to proxy HTTP: Unable to reach the origin service. The service may be down or it may not be responding to traffic from cloudflared: dial tcp [::1]:3001: connectex: No connection could be made because the target machine actively refused it."
2026-03-31T15:19:11Z INF Lost connection with the edge connIndex=3
2026-03-31T15:19:11Z ERR  error="Incoming request ended abruptly: context canceled" connIndex=3 event=1 ingressRule=0 originService=http://localhost:3001
2026-03-31T15:19:11Z WRN Serve tunnel error error="connection with edge closed" connIndex=3 event=0 ip=198.41.192.47
2026-03-31T15:19:11Z ERR failed to serve incoming request error="Failed to proxy HTTP: Incoming request ended abruptly: context canceled"
2026-03-31T15:19:11Z ERR  error="Incoming request ended abruptly: context canceled" connIndex=3 event=1 ingressRule=0 originService=http://localhost:3001
2026-03-31T15:19:11Z ERR  error="Incoming request ended abruptly: context canceled" connIndex=3 event=1 ingressRule=0 originService=http://localhost:3001
2026-03-31T15:19:11Z ERR failed to serve incoming request error="Failed to proxy HTTP: Incoming request ended abruptly: context canceled"
2026-03-31T15:19:11Z ERR  error="context canceled" connIndex=3 event=1 ingressRule=0 originService=http://localhost:3001
2026-03-31T15:19:11Z ERR failed to serve incoming request error="Failed to proxy HTTP: context canceled"
2026-03-31T15:19:11Z ERR  error="Incoming request ended abruptly: context canceled" connIndex=3 event=1 ingressRule=0 originService=http://localhost:3001
2026-03-31T15:19:11Z ERR  error="Incoming request ended abruptly: context canceled" connIndex=3 event=1 ingressRule=0 originService=http://localhost:3001
2026-03-31T15:19:11Z ERR failed to serve incoming request error="Failed to proxy HTTP: Incoming request ended abruptly: context canceled"
2026-03-31T15:19:11Z INF Retrying connection in up to 1s connIndex=3 event=0 ip=198.41.192.47
2026-03-31T15:19:11Z ERR failed to serve incoming request error="Failed to proxy HTTP: Incoming request ended abruptly: context canceled"
2026-03-31T15:19:11Z ERR failed to serve incoming request error="Failed to proxy HTTP: Incoming request ended abruptly: context canceled"
2026-03-31T15:19:11Z ERR failed to serve incoming request error="Error shutting down control stream: context canceled"
2026-03-31T15:19:11Z ERR  error="Incoming request ended abruptly: context canceled" connIndex=1 event=1 ingressRule=0 originService=http://localhost:3001
2026-03-31T15:19:11Z ERR failed to serve incoming request error="Failed to proxy HTTP: Incoming request ended abruptly: context canceled"
2026-03-31T15:19:11Z ERR  error="Incoming request ended abruptly: context canceled" connIndex=0 event=1 ingressRule=0 originService=http://localhost:3001
2026-03-31T15:19:11Z ERR failed to serve incoming request error="Failed to proxy HTTP: Incoming request ended abruptly: context canceled"
2026-03-31T15:19:11Z ERR  error="Incoming request ended abruptly: context canceled" connIndex=2 event=1 ingressRule=0 originService=http://localhost:3001
2026-03-31T15:19:11Z ERR failed to serve incoming request error="Failed to proxy HTTP: Incoming request ended abruptly: context canceled"
2026-03-31T15:19:11Z WRN Connection terminated error="connection with edge closed" connIndex=3
2026-03-31T15:19:17Z INF Registered tunnel connection connIndex=3 connection=2b57a081-1a78-48d7-b419-f476f2b91d00 event=0 ip=198.41.192.47 location=dfw11 protocol=http2
2026-03-31T15:19:29Z WRN Serve tunnel error error="Error shutting down control stream: client disconnected" connIndex=3 event=0 ip=198.41.192.47
2026-03-31T15:19:29Z INF Retrying connection in up to 1s connIndex=3 event=0 ip=198.41.192.47
2026-03-31T15:19:29Z ERR  error="Incoming request ended abruptly: context canceled" connIndex=3 event=1 ingressRule=0 originService=http://localhost:3001
2026-03-31T15:19:29Z ERR  error="Incoming request ended abruptly: context canceled" connIndex=3 event=1 ingressRule=0 originService=http://localhost:3001
2026-03-31T15:19:29Z ERR failed to serve incoming request error="Failed to proxy HTTP: Incoming request ended abruptly: context canceled"
2026-03-31T15:19:29Z ERR  error="context canceled" connIndex=3 event=1 ingressRule=0 originService=http://localhost:3001
2026-03-31T15:19:29Z ERR failed to serve incoming request error="Failed to proxy HTTP: Incoming request ended abruptly: context canceled"
2026-03-31T15:19:29Z ERR  error="Incoming request ended abruptly: context canceled" connIndex=3 event=1 ingressRule=0 originService=http://localhost:3001
2026-03-31T15:19:29Z ERR  error="Incoming request ended abruptly: context canceled" connIndex=3 event=1 ingressRule=0 originService=http://localhost:3001
2026-03-31T15:19:29Z ERR failed to serve incoming request error="Failed to proxy HTTP: context canceled"
2026-03-31T15:19:29Z ERR failed to serve incoming request error="Failed to proxy HTTP: Incoming request ended abruptly: context canceled"
2026-03-31T15:19:29Z ERR failed to serve incoming request error="Failed to proxy HTTP: Incoming request ended abruptly: context canceled"
2026-03-31T15:19:29Z ERR failed to serve incoming request error="Error shutting down control stream: client disconnected"
2026-03-31T15:19:29Z WRN Connection terminated error="Error shutting down control stream: client disconnected" connIndex=3
2026-03-31T15:19:42Z INF Registered tunnel connection connIndex=3 connection=e2228ad1-6f75-4fbc-87c9-b8babee07d01 event=0 ip=198.41.192.47 location=dfw13 protocol=http2
2026-03-31T15:20:40Z ERR  error="Unable to reach the origin service. The service may be down or it may not be responding to traffic from cloudflared: dial tcp [::1]:3001: connectex: No connection could be made because the target machine actively refused it." connIndex=3 event=1 ingressRule=0 originService=http://localhost:3001
2026-03-31T15:20:40Z ERR failed to serve incoming request error="Failed to proxy HTTP: Unable to reach the origin service. The service may be down or it may not be responding to traffic from cloudflared: dial tcp [::1]:3001: connectex: No connection could be made because the target machine actively refused it."
2026-03-31T15:20:41Z ERR  error="Unable to reach the origin service. The service may be down or it may not be responding to traffic from cloudflared: dial tcp [::1]:3001: connectex: No connection could be made because the target machine actively refused it." connIndex=2 event=1 ingressRule=0 originService=http://localhost:3001
2026-03-31T15:20:41Z ERR failed to serve incoming request error="Failed to proxy HTTP: Unable to reach the origin service. The service may be down or it may not be responding to traffic from cloudflared: dial tcp [::1]:3001: connectex: No connection could be made because the target machine actively refused it."
2026-03-31T15:24:38Z ERR  error="Unable to reach the origin service. The service may be down or it may not be responding to traffic from cloudflared: dial tcp [::1]:3001: connectex: No connection could be made because the target machine actively refused it." connIndex=1 event=1 ingressRule=0 originService=http://localhost:3001
2026-03-31T15:24:38Z ERR failed to serve incoming request error="Failed to proxy HTTP: Unable to reach the origin service. The service may be down or it may not be responding to traffic from cloudflared: dial tcp [::1]:3001: connectex: No connection could be made because the target machine actively refused it."
2026-03-31T15:24:40Z ERR  error="Unable to reach the origin service. The service may be down or it may not be responding to traffic from cloudflared: dial tcp [::1]:3001: connectex: No connection could be made because the target machine actively refused it." connIndex=2 event=1 ingressRule=0 originService=http://localhost:3001
2026-03-31T15:24:40Z ERR failed to serve incoming request error="Failed to proxy HTTP: Unable to reach the origin service. The service may be down or it may not be responding to traffic from cloudflared: dial tcp [::1]:3001: connectex: No connection could be made because the target machine actively refused it."
2026-03-31T15:30:18Z ERR  error="Unable to reach the origin service. The service may be down or it may not be responding to traffic from cloudflared: read tcp [::1]:27180->[::1]:3001: wsarecv: An existing connection was forcibly closed by the remote host." connIndex=3 event=1 ingressRule=0 originService=http://localhost:3001
2026-03-31T15:30:18Z ERR failed to serve incoming request error="Failed to proxy HTTP: Unable to reach the origin service. The service may be down or it may not be responding to traffic from cloudflared: read tcp [::1]:27180->[::1]:3001: wsarecv: An existing connection was forcibly closed by the remote host."
2026-03-31T15:30:19Z ERR  error="Unable to reach the origin service. The service may be down or it may not be responding to traffic from cloudflared: dial tcp [::1]:3001: connectex: No connection could be made because the target machine actively refused it." connIndex=3 event=1 ingressRule=0 originService=http://localhost:3001
2026-03-31T15:30:19Z ERR failed to serve incoming request error="Failed to proxy HTTP: Unable to reach the origin service. The service may be down or it may not be responding to traffic from cloudflared: dial tcp [::1]:3001: connectex: No connection could be made because the target machine actively refused it."
2026-03-31T15:30:20Z ERR  error="Unable to reach the origin service. The service may be down or it may not be responding to traffic from cloudflared: dial tcp [::1]:3001: connectex: No connection could be made because the target machine actively refused it." connIndex=2 event=1 ingressRule=0 originService=http://localhost:3001
2026-03-31T15:30:20Z ERR failed to serve incoming request error="Failed to proxy HTTP: Unable to reach the origin service. The service may be down or it may not be responding to traffic from cloudflared: dial tcp [::1]:3001: connectex: No connection could be made because the target machine actively refused it."
2026-03-31T15:45:34Z ERR  error="Unable to reach the origin service. The service may be down or it may not be responding to traffic from cloudflared: dial tcp [::1]:3001: connectex: No connection could be made because the target machine actively refused it." connIndex=3 event=1 ingressRule=0 originService=http://localhost:3001
2026-03-31T15:45:34Z ERR failed to serve incoming request error="Failed to proxy HTTP: Unable to reach the origin service. The service may be down or it may not be responding to traffic from cloudflared: dial tcp [::1]:3001: connectex: No connection could be made because the target machine actively refused it."
2026-03-31T15:45:35Z ERR  error="Unable to reach the origin service. The service may be down or it may not be responding to traffic from cloudflared: dial tcp [::1]:3001: connectex: No connection could be made because the target machine actively refused it." connIndex=2 event=1 ingressRule=0 originService=http://localhost:3001
2026-03-31T15:45:35Z ERR failed to serve incoming request error="Failed to proxy HTTP: Unable to reach the origin service. The service may be down or it may not be responding to traffic from cloudflared: dial tcp [::1]:3001: connectex: No connection could be made because the target machine actively refused it."
2026-03-31T15:45:35Z ERR  error="Unable to reach the origin service. The service may be down or it may not be responding to traffic from cloudflared: dial tcp [::1]:3001: connectex: No connection could be made because the target machine actively refused it." connIndex=3 event=1 ingressRule=0 originService=http://localhost:3001
2026-03-31T15:45:35Z ERR failed to serve incoming request error="Failed to proxy HTTP: Unable to reach the origin service. The service may be down or it may not be responding to traffic from cloudflared: dial tcp [::1]:3001: connectex: No connection could be made because the target machine actively refused it."
2026-03-31T15:52:59Z ERR  error="Unable to reach the origin service. The service may be down or it may not be responding to traffic from cloudflared: dial tcp [::1]:3001: connectex: No connection could be made because the target machine actively refused it." connIndex=3 event=1 ingressRule=0 originService=http://localhost:3001
2026-03-31T15:52:59Z ERR failed to serve incoming request error="Failed to proxy HTTP: Unable to reach the origin service. The service may be down or it may not be responding to traffic from cloudflared: dial tcp [::1]:3001: connectex: No connection could be made because the target machine actively refused it."
2026-03-31T15:52:59Z ERR  error="Unable to reach the origin service. The service may be down or it may not be responding to traffic from cloudflared: dial tcp [::1]:3001: connectex: No connection could be made because the target machine actively refused it." connIndex=2 event=1 ingressRule=0 originService=http://localhost:3001
2026-03-31T15:52:59Z ERR failed to serve incoming request error="Failed to proxy HTTP: Unable to reach the origin service. The service may be down or it may not be responding to traffic from cloudflared: dial tcp [::1]:3001: connectex: No connection could be made because the target machine actively refused it."
2026-03-31T15:52:59Z ERR  error="Unable to reach the origin service. The service may be down or it may not be responding to traffic from cloudflared: dial tcp [::1]:3001: connectex: No connection could be made because the target machine actively refused it." connIndex=3 event=1 ingressRule=0 originService=http://localhost:3001
2026-03-31T15:52:59Z ERR failed to serve incoming request error="Failed to proxy HTTP: Unable to reach the origin service. The service may be down or it may not be responding to traffic from cloudflared: dial tcp [::1]:3001: connectex: No connection could be made because the target machine actively refused it."
2026-03-31T16:02:35Z ERR  error="Unable to reach the origin service. The service may be down or it may not be responding to traffic from cloudflared: read tcp [::1]:38729->[::1]:3001: wsarecv: An existing connection was forcibly closed by the remote host." connIndex=3 event=1 ingressRule=0 originService=http://localhost:3001
2026-03-31T16:02:35Z ERR failed to serve incoming request error="Failed to proxy HTTP: Unable to reach the origin service. The service may be down or it may not be responding to traffic from cloudflared: read tcp [::1]:38729->[::1]:3001: wsarecv: An existing connection was forcibly closed by the remote host."
2026-03-31T16:02:35Z ERR  error="Unable to reach the origin service. The service may be down or it may not be responding to traffic from cloudflared: read tcp [::1]:23024->[::1]:3001: wsarecv: An existing connection was forcibly closed by the remote host." connIndex=3 event=1 ingressRule=0 originService=http://localhost:3001
2026-03-31T16:02:35Z ERR failed to serve incoming request error="Failed to proxy HTTP: Unable to reach the origin service. The service may be down or it may not be responding to traffic from cloudflared: read tcp [::1]:23024->[::1]:3001: wsarecv: An existing connection was forcibly closed by the remote host."
2026-03-31T16:02:36Z ERR  error="Unable to reach the origin service. The service may be down or it may not be responding to traffic from cloudflared: dial tcp [::1]:3001: connectex: No connection could be made because the target machine actively refused it." connIndex=3 event=1 ingressRule=0 originService=http://localhost:3001
2026-03-31T16:02:36Z ERR failed to serve incoming request error="Failed to proxy HTTP: Unable to reach the origin service. The service may be down or it may not be responding to traffic from cloudflared: dial tcp [::1]:3001: connectex: No connection could be made because the target machine actively refused it."
2026-03-31T16:02:37Z ERR  error="Unable to reach the origin service. The service may be down or it may not be responding to traffic from cloudflared: dial tcp [::1]:3001: connectex: No connection could be made because the target machine actively refused it." connIndex=2 event=1 ingressRule=0 originService=http://localhost:3001
2026-03-31T16:02:37Z ERR failed to serve incoming request error="Failed to proxy HTTP: Unable to reach the origin service. The service may be down or it may not be responding to traffic from cloudflared: dial tcp [::1]:3001: connectex: No connection could be made because the target machine actively refused it."
2026-03-31T16:03:31Z ERR  error="Incoming request ended abruptly: context canceled" connIndex=3 event=1 ingressRule=0 originService=http://localhost:3001
2026-03-31T16:03:31Z ERR failed to serve incoming request error="Failed to proxy HTTP: Incoming request ended abruptly: context canceled"
2026-03-31T16:14:22Z ERR  error="Unable to reach the origin service. The service may be down or it may not be responding to traffic from cloudflared: read tcp [::1]:4069->[::1]:3001: wsarecv: An existing connection was forcibly closed by the remote host." connIndex=3 event=1 ingressRule=0 originService=http://localhost:3001
2026-03-31T16:14:22Z ERR failed to serve incoming request error="Failed to proxy HTTP: Unable to reach the origin service. The service may be down or it may not be responding to traffic from cloudflared: read tcp [::1]:4069->[::1]:3001: wsarecv: An existing connection was forcibly closed by the remote host."
2026-03-31T16:14:23Z ERR  error="Unable to reach the origin service. The service may be down or it may not be responding to traffic from cloudflared: dial tcp [::1]:3001: connectex: No connection could be made because the target machine actively refused it." connIndex=3 event=1 ingressRule=0 originService=http://localhost:3001
2026-03-31T16:14:23Z ERR failed to serve incoming request error="Failed to proxy HTTP: Unable to reach the origin service. The service may be down or it may not be responding to traffic from cloudflared: dial tcp [::1]:3001: connectex: No connection could be made because the target machine actively refused it."
2026-03-31T16:14:24Z ERR  error="Unable to reach the origin service. The service may be down or it may not be responding to traffic from cloudflared: dial tcp [::1]:3001: connectex: No connection could be made because the target machine actively refused it." connIndex=2 event=1 ingressRule=0 originService=http://localhost:3001
2026-03-31T16:14:24Z ERR failed to serve incoming request error="Failed to proxy HTTP: Unable to reach the origin service. The service may be down or it may not be responding to traffic from cloudflared: dial tcp [::1]:3001: connectex: No connection could be made because the target machine actively refused it."
2026-03-31T16:34:54Z ERR  error="Unable to reach the origin service. The service may be down or it may not be responding to traffic from cloudflared: dial tcp [::1]:3001: connectex: No connection could be made because the target machine actively refused it." connIndex=3 event=1 ingressRule=0 originService=http://localhost:3001
2026-03-31T16:34:54Z ERR failed to serve incoming request error="Failed to proxy HTTP: Unable to reach the origin service. The service may be down or it may not be responding to traffic from cloudflared: dial tcp [::1]:3001: connectex: No connection could be made because the target machine actively refused it."
2026-03-31T16:34:55Z ERR  error="Unable to reach the origin service. The service may be down or it may not be responding to traffic from cloudflared: dial tcp [::1]:3001: connectex: No connection could be made because the target machine actively refused it." connIndex=2 event=1 ingressRule=0 originService=http://localhost:3001
2026-03-31T16:34:55Z ERR failed to serve incoming request error="Failed to proxy HTTP: Unable to reach the origin service. The service may be down or it may not be responding to traffic from cloudflared: dial tcp [::1]:3001: connectex: No connection could be made because the target machine actively refused it."
2026-03-31T17:37:53Z ERR  error="Unable to reach the origin service. The service may be down or it may not be responding to traffic from cloudflared: dial tcp [::1]:3001: connectex: No connection could be made because the target machine actively refused it." connIndex=3 event=1 ingressRule=0 originService=http://localhost:3001
2026-03-31T17:37:53Z ERR failed to serve incoming request error="Failed to proxy HTTP: Unable to reach the origin service. The service may be down or it may not be responding to traffic from cloudflared: dial tcp [::1]:3001: connectex: No connection could be made because the target machine actively refused it."
2026-03-31T17:37:53Z ERR  error="Unable to reach the origin service. The service may be down or it may not be responding to traffic from cloudflared: dial tcp [::1]:3001: connectex: No connection could be made because the target machine actively refused it." connIndex=2 event=1 ingressRule=0 originService=http://localhost:3001
2026-03-31T17:37:53Z ERR failed to serve incoming request error="Failed to proxy HTTP: Unable to reach the origin service. The service may be down or it may not be responding to traffic from cloudflared: dial tcp [::1]:3001: connectex: No connection could be made because the target machine actively refused it."
2026-03-31T17:37:54Z ERR  error="Unable to reach the origin service. The service may be down or it may not be responding to traffic from cloudflared: dial tcp [::1]:3001: connectex: No connection could be made because the target machine actively refused it." connIndex=3 event=1 ingressRule=0 originService=http://localhost:3001
2026-03-31T17:37:54Z ERR failed to serve incoming request error="Failed to proxy HTTP: Unable to reach the origin service. The service may be down or it may not be responding to traffic from cloudflared: dial tcp [::1]:3001: connectex: No connection could be made because the target machine actively refused it."
2026-03-31T17:37:56Z ERR  error="Unable to reach the origin service. The service may be down or it may not be responding to traffic from cloudflared: EOF" connIndex=3 event=1 ingressRule=0 originService=http://localhost:3001
2026-03-31T17:37:56Z ERR failed to serve incoming request error="Failed to proxy HTTP: Unable to reach the origin service. The service may be down or it may not be responding to traffic from cloudflared: EOF"
2026-03-31T17:37:58Z ERR  error="Unable to reach the origin service. The service may be down or it may not be responding to traffic from cloudflared: EOF" connIndex=3 event=1 ingressRule=0 originService=http://localhost:3001
2026-03-31T17:37:58Z ERR failed to serve incoming request error="Failed to proxy HTTP: Unable to reach the origin service. The service may be down or it may not be responding to traffic from cloudflared: EOF"
2026-03-31T17:38:00Z ERR  error="Unable to reach the origin service. The service may be down or it may not be responding to traffic from cloudflared: EOF" connIndex=1 event=1 ingressRule=0 originService=http://localhost:3001
2026-03-31T17:38:00Z ERR failed to serve incoming request error="Failed to proxy HTTP: Unable to reach the origin service. The service may be down or it may not be responding to traffic from cloudflared: EOF"
2026-03-31T17:38:02Z ERR  error="Unable to reach the origin service. The service may be down or it may not be responding to traffic from cloudflared: EOF" connIndex=0 event=1 ingressRule=0 originService=http://localhost:3001
2026-03-31T17:38:02Z ERR failed to serve incoming request error="Failed to proxy HTTP: Unable to reach the origin service. The service may be down or it may not be responding to traffic from cloudflared: EOF"
2026-03-31T17:38:04Z ERR  error="Unable to reach the origin service. The service may be down or it may not be responding to traffic from cloudflared: EOF" connIndex=1 event=1 ingressRule=0 originService=http://localhost:3001
2026-03-31T17:38:04Z ERR failed to serve incoming request error="Failed to proxy HTTP: Unable to reach the origin service. The service may be down or it may not be responding to traffic from cloudflared: EOF"
2026-03-31T17:38:06Z ERR  error="Unable to reach the origin service. The service may be down or it may not be responding to traffic from cloudflared: EOF" connIndex=3 event=1 ingressRule=0 originService=http://localhost:3001
2026-03-31T17:38:06Z ERR failed to serve incoming request error="Failed to proxy HTTP: Unable to reach the origin service. The service may be down or it may not be responding to traffic from cloudflared: EOF"
2026-03-31T17:38:08Z ERR  error="Unable to reach the origin service. The service may be down or it may not be responding to traffic from cloudflared: EOF" connIndex=2 event=1 ingressRule=0 originService=http://localhost:3001
2026-03-31T17:38:08Z ERR failed to serve incoming request error="Failed to proxy HTTP: Unable to reach the origin service. The service may be down or it may not be responding to traffic from cloudflared: EOF"
2026-03-31T17:38:11Z ERR  error="Unable to reach the origin service. The service may be down or it may not be responding to traffic from cloudflared: EOF" connIndex=1 event=1 ingressRule=0 originService=http://localhost:3001
2026-03-31T17:38:11Z ERR failed to serve incoming request error="Failed to proxy HTTP: Unable to reach the origin service. The service may be down or it may not be responding to traffic from cloudflared: EOF"
2026-03-31T17:38:14Z ERR  error="Unable to reach the origin service. The service may be down or it may not be responding to traffic from cloudflared: EOF" connIndex=3 event=1 ingressRule=0 originService=http://localhost:3001
2026-03-31T17:38:14Z ERR failed to serve incoming request error="Failed to proxy HTTP: Unable to reach the origin service. The service may be down or it may not be responding to traffic from cloudflared: EOF"
2026-03-31T17:38:18Z ERR  error="Unable to reach the origin service. The service may be down or it may not be responding to traffic from cloudflared: EOF" connIndex=3 event=1 ingressRule=0 originService=http://localhost:3001
2026-03-31T17:38:18Z ERR failed to serve incoming request error="Failed to proxy HTTP: Unable to reach the origin service. The service may be down or it may not be responding to traffic from cloudflared: EOF"
2026-03-31T17:38:21Z ERR  error="Unable to reach the origin service. The service may be down or it may not be responding to traffic from cloudflared: EOF" connIndex=3 event=1 ingressRule=0 originService=http://localhost:3001
2026-03-31T17:38:21Z ERR failed to serve incoming request error="Failed to proxy HTTP: Unable to reach the origin service. The service may be down or it may not be responding to traffic from cloudflared: EOF"
2026-03-31T17:38:24Z ERR  error="Unable to reach the origin service. The service may be down or it may not be responding to traffic from cloudflared: EOF" connIndex=3 event=1 ingressRule=0 originService=http://localhost:3001
2026-03-31T17:38:24Z ERR failed to serve incoming request error="Failed to proxy HTTP: Unable to reach the origin service. The service may be down or it may not be responding to traffic from cloudflared: EOF"
2026-03-31T17:38:28Z ERR  error="Unable to reach the origin service. The service may be down or it may not be responding to traffic from cloudflared: EOF" connIndex=3 event=1 ingressRule=0 originService=http://localhost:3001
2026-03-31T17:38:28Z ERR failed to serve incoming request error="Failed to proxy HTTP: Unable to reach the origin service. The service may be down or it may not be responding to traffic from cloudflared: EOF"
2026-03-31T17:38:32Z ERR  error="Unable to reach the origin service. The service may be down or it may not be responding to traffic from cloudflared: EOF" connIndex=3 event=1 ingressRule=0 originService=http://localhost:3001
2026-03-31T17:38:32Z ERR failed to serve incoming request error="Failed to proxy HTTP: Unable to reach the origin service. The service may be down or it may not be responding to traffic from cloudflared: EOF"
2026-03-31T17:38:36Z ERR  error="Unable to reach the origin service. The service may be down or it may not be responding to traffic from cloudflared: EOF" connIndex=1 event=1 ingressRule=0 originService=http://localhost:3001
2026-03-31T17:38:36Z ERR failed to serve incoming request error="Failed to proxy HTTP: Unable to reach the origin service. The service may be down or it may not be responding to traffic from cloudflared: EOF"
2026-03-31T17:38:43Z ERR  error="Unable to reach the origin service. The service may be down or it may not be responding to traffic from cloudflared: EOF" connIndex=3 event=1 ingressRule=0 originService=http://localhost:3001
2026-03-31T17:38:43Z ERR failed to serve incoming request error="Failed to proxy HTTP: Unable to reach the origin service. The service may be down or it may not be responding to traffic from cloudflared: EOF"
2026-03-31T17:38:48Z ERR  error="Unable to reach the origin service. The service may be down or it may not be responding to traffic from cloudflared: EOF" connIndex=3 event=1 ingressRule=0 originService=http://localhost:3001
2026-03-31T17:38:48Z ERR failed to serve incoming request error="Failed to proxy HTTP: Unable to reach the origin service. The service may be down or it may not be responding to traffic from cloudflared: EOF"
2026-03-31T17:40:08Z ERR  error="Incoming request ended abruptly: context canceled" connIndex=3 event=1 ingressRule=0 originService=http://localhost:3001
2026-03-31T17:40:08Z ERR  error="Incoming request ended abruptly: context canceled" connIndex=3 event=1 ingressRule=0 originService=http://localhost:3001
2026-03-31T17:40:08Z ERR failed to serve incoming request error="Failed to proxy HTTP: Incoming request ended abruptly: context canceled"
2026-03-31T17:40:08Z ERR failed to serve incoming request error="Failed to proxy HTTP: Incoming request ended abruptly: context canceled"
2026-03-31T17:40:08Z INF Lost connection with the edge connIndex=3
2026-03-31T17:40:08Z WRN Serve tunnel error error="connection with edge closed" connIndex=3 event=0 ip=198.41.192.47
2026-03-31T17:40:08Z INF Retrying connection in up to 1s connIndex=3 event=0 ip=198.41.192.47
2026-03-31T17:40:08Z ERR failed to serve incoming request error="Error shutting down control stream: client disconnected"
2026-03-31T17:40:08Z ERR  error="Incoming request ended abruptly: context canceled" connIndex=0 event=1 ingressRule=0 originService=http://localhost:3001
2026-03-31T17:40:08Z ERR failed to serve incoming request error="Failed to proxy HTTP: Incoming request ended abruptly: context canceled"
2026-03-31T17:40:08Z ERR  error="Incoming request ended abruptly: context canceled" connIndex=1 event=1 ingressRule=0 originService=http://localhost:3001
2026-03-31T17:40:08Z ERR failed to serve incoming request error="Failed to proxy HTTP: Incoming request ended abruptly: context canceled"
2026-03-31T17:40:08Z ERR  error="Incoming request ended abruptly: context canceled" connIndex=2 event=1 ingressRule=0 originService=http://localhost:3001
2026-03-31T17:40:08Z ERR failed to serve incoming request error="Failed to proxy HTTP: Incoming request ended abruptly: context canceled"
2026-03-31T17:40:09Z WRN Connection terminated error="connection with edge closed" connIndex=3
2026-03-31T17:40:16Z ERR failed to serve incoming request error="Error shutting down control stream: context canceled"
2026-03-31T17:40:16Z ERR  error="context canceled" connIndex=0 event=1 ingressRule=0 originService=http://localhost:3001
2026-03-31T17:40:16Z ERR failed to serve incoming request error="Failed to proxy HTTP: context canceled"
2026-03-31T17:40:16Z ERR  error="Incoming request ended abruptly: context canceled" connIndex=0 event=1 ingressRule=0 originService=http://localhost:3001
2026-03-31T17:40:16Z ERR  error="Incoming request ended abruptly: context canceled" connIndex=0 event=1 ingressRule=0 originService=http://localhost:3001
2026-03-31T17:40:16Z ERR failed to serve incoming request error="Failed to proxy HTTP: Incoming request ended abruptly: context canceled"
2026-03-31T17:40:16Z ERR failed to serve incoming request error="Failed to proxy HTTP: Incoming request ended abruptly: context canceled"
2026-03-31T17:40:16Z ERR  error="Incoming request ended abruptly: context canceled" connIndex=0 event=1 ingressRule=0 originService=http://localhost:3001
2026-03-31T17:40:16Z ERR  error="Incoming request ended abruptly: context canceled" connIndex=0 event=1 ingressRule=0 originService=http://localhost:3001
2026-03-31T17:40:16Z ERR failed to serve incoming request error="Failed to proxy HTTP: Incoming request ended abruptly: context canceled"
2026-03-31T17:40:16Z ERR  error="Incoming request ended abruptly: context canceled" connIndex=0 event=1 ingressRule=0 originService=http://localhost:3001
2026-03-31T17:40:16Z ERR failed to serve incoming request error="Failed to proxy HTTP: Incoming request ended abruptly: context canceled"
2026-03-31T17:40:16Z ERR failed to serve incoming request error="Failed to proxy HTTP: Incoming request ended abruptly: context canceled"
2026-03-31T17:40:16Z ERR  error="Incoming request ended abruptly: context canceled" connIndex=0 event=1 ingressRule=0 originService=http://localhost:3001
2026-03-31T17:40:16Z ERR failed to serve incoming request error="Failed to proxy HTTP: Incoming request ended abruptly: context canceled"
2026-03-31T17:40:16Z ERR  error="Incoming request ended abruptly: context canceled" connIndex=0 event=1 ingressRule=0 originService=http://localhost:3001
2026-03-31T17:40:16Z ERR failed to serve incoming request error="Failed to proxy HTTP: Incoming request ended abruptly: context canceled"
2026-03-31T17:40:16Z WRN Serve tunnel error error="Error shutting down control stream: context canceled" connIndex=0 event=0 ip=198.41.200.113
2026-03-31T17:40:16Z INF Retrying connection in up to 1s connIndex=0 event=0 ip=198.41.200.113
2026-03-31T17:40:17Z WRN Connection terminated error="Error shutting down control stream: context canceled" connIndex=0
2026-03-31T17:40:23Z INF Registered tunnel connection connIndex=0 connection=63d06cb5-f4d5-410f-83a9-cfa255daeb62 event=0 ip=198.41.200.113 location=dfw06 protocol=http2
2026-03-31T17:40:23Z INF Registered tunnel connection connIndex=3 connection=d6631215-d32a-4d88-bf77-e3523f8214a4 event=0 ip=198.41.192.47 location=dfw01 protocol=http2
2026-03-31T17:57:20Z ERR  error="Unable to reach the origin service. The service may be down or it may not be responding to traffic from cloudflared: dial tcp [::1]:3001: connectex: No connection could be made because the target machine actively refused it." connIndex=1 event=1 ingressRule=0 originService=http://localhost:3001
2026-03-31T17:57:20Z ERR failed to serve incoming request error="Failed to proxy HTTP: Unable to reach the origin service. The service may be down or it may not be responding to traffic from cloudflared: dial tcp [::1]:3001: connectex: No connection could be made because the target machine actively refused it."
2026-03-31T17:57:20Z ERR  error="Unable to reach the origin service. The service may be down or it may not be responding to traffic from cloudflared: dial tcp [::1]:3001: connectex: No connection could be made because the target machine actively refused it." connIndex=2 event=1 ingressRule=0 originService=http://localhost:3001
2026-03-31T17:57:20Z ERR failed to serve incoming request error="Failed to proxy HTTP: Unable to reach the origin service. The service may be down or it may not be responding to traffic from cloudflared: dial tcp [::1]:3001: connectex: No connection could be made because the target machine actively refused it."
2026-03-31T18:13:50Z INF Lost connection with the edge connIndex=3
2026-03-31T18:13:50Z ERR  error="Incoming request ended abruptly: context canceled" connIndex=1 event=1 ingressRule=0 originService=http://localhost:3001
2026-03-31T18:13:50Z ERR  error="Incoming request ended abruptly: context canceled" connIndex=2 event=1 ingressRule=0 originService=http://localhost:3001
2026-03-31T18:13:50Z ERR failed to serve incoming request error="Failed to proxy HTTP: Incoming request ended abruptly: context canceled"
2026-03-31T18:13:50Z ERR failed to serve incoming request error="Failed to proxy HTTP: Incoming request ended abruptly: context canceled"
2026-03-31T18:13:50Z ERR  error="Incoming request ended abruptly: context canceled" connIndex=0 event=1 ingressRule=0 originService=http://localhost:3001
2026-03-31T18:13:50Z ERR  error="Incoming request ended abruptly: context canceled" connIndex=3 event=1 ingressRule=0 originService=http://localhost:3001
2026-03-31T18:13:50Z ERR failed to serve incoming request error="Failed to proxy HTTP: Incoming request ended abruptly: context canceled"
2026-03-31T18:13:50Z ERR failed to serve incoming request error="Error shutting down control stream: client disconnected"
2026-03-31T18:13:50Z ERR failed to serve incoming request error="Failed to proxy HTTP: Incoming request ended abruptly: context canceled"
2026-03-31T18:13:50Z WRN Serve tunnel error error="connection with edge closed" connIndex=3 event=0 ip=198.41.192.47
2026-03-31T18:13:50Z INF Retrying connection in up to 1s connIndex=3 event=0 ip=198.41.192.47
2026-03-31T18:13:51Z WRN Connection terminated error="connection with edge closed" connIndex=3
2026-03-31T18:14:07Z INF Registered tunnel connection connIndex=3 connection=e59a3309-fc43-4d37-836a-ff0be85ed423 event=0 ip=198.41.192.47 location=dfw09 protocol=http2
2026-03-31T18:17:45Z ERR failed to serve incoming request error="Error shutting down control stream: context canceled"
2026-03-31T18:17:45Z WRN Serve tunnel error error="Error shutting down control stream: context canceled" connIndex=3 event=0 ip=198.41.192.47
2026-03-31T18:17:45Z INF Retrying connection in up to 1s connIndex=3 event=0 ip=198.41.192.47
2026-03-31T18:17:46Z WRN Connection terminated error="Error shutting down control stream: context canceled" connIndex=3
2026-03-31T18:18:02Z INF Registered tunnel connection connIndex=3 connection=32172657-aa2e-4f58-b1bd-9a1d0bc2c859 event=0 ip=198.41.192.47 location=dfw05 protocol=http2
2026-03-31T18:20:24Z ERR  error="Unable to reach the origin service. The service may be down or it may not be responding to traffic from cloudflared: dial tcp [::1]:3001: connectex: No connection could be made because the target machine actively refused it." connIndex=2 event=1 ingressRule=0 originService=http://localhost:3001
2026-03-31T18:20:24Z ERR failed to serve incoming request error="Failed to proxy HTTP: Unable to reach the origin service. The service may be down or it may not be responding to traffic from cloudflared: dial tcp [::1]:3001: connectex: No connection could be made because the target machine actively refused it."
2026-03-31T18:37:44Z INF Lost connection with the edge connIndex=3
2026-03-31T18:37:44Z ERR  error="Incoming request ended abruptly: context canceled" connIndex=3 event=1 ingressRule=0 originService=http://localhost:3001
2026-03-31T18:37:44Z ERR  error="Incoming request ended abruptly: context canceled" connIndex=3 event=1 ingressRule=0 originService=http://localhost:3001
2026-03-31T18:37:44Z ERR  error="Incoming request ended abruptly: context canceled" connIndex=3 event=1 ingressRule=0 originService=http://localhost:3001
2026-03-31T18:37:44Z ERR failed to serve incoming request error="Failed to proxy HTTP: Incoming request ended abruptly: context canceled"
2026-03-31T18:37:44Z ERR  error="Incoming request ended abruptly: context canceled" connIndex=3 event=1 ingressRule=0 originService=http://localhost:3001
2026-03-31T18:37:44Z ERR  error="Incoming request ended abruptly: context canceled" connIndex=3 event=1 ingressRule=0 originService=http://localhost:3001
2026-03-31T18:37:44Z ERR failed to serve incoming request error="Failed to proxy HTTP: Incoming request ended abruptly: context canceled"
2026-03-31T18:37:44Z ERR failed to serve incoming request error="Failed to proxy HTTP: Incoming request ended abruptly: context canceled"
2026-03-31T18:37:44Z ERR failed to serve incoming request error="Failed to proxy HTTP: Incoming request ended abruptly: context canceled"
2026-03-31T18:37:44Z ERR failed to serve incoming request error="Failed to proxy HTTP: Incoming request ended abruptly: context canceled"
2026-03-31T18:37:44Z WRN Serve tunnel error error="connection with edge closed" connIndex=3 event=0 ip=198.41.192.47
2026-03-31T18:37:44Z ERR failed to serve incoming request error="Error shutting down control stream: client disconnected"
2026-03-31T18:37:44Z INF Retrying connection in up to 1s connIndex=3 event=0 ip=198.41.192.47
2026-03-31T18:37:44Z ERR  error="Incoming request ended abruptly: context canceled" connIndex=1 event=1 ingressRule=0 originService=http://localhost:3001
2026-03-31T18:37:44Z ERR failed to serve incoming request error="Failed to proxy HTTP: Incoming request ended abruptly: context canceled"
2026-03-31T18:37:44Z ERR  error="Incoming request ended abruptly: context canceled" connIndex=2 event=1 ingressRule=0 originService=http://localhost:3001
2026-03-31T18:37:44Z ERR failed to serve incoming request error="Failed to proxy HTTP: Incoming request ended abruptly: context canceled"
2026-03-31T18:37:44Z ERR  error="Incoming request ended abruptly: context canceled" connIndex=0 event=1 ingressRule=0 originService=http://localhost:3001
2026-03-31T18:37:44Z ERR failed to serve incoming request error="Failed to proxy HTTP: Incoming request ended abruptly: context canceled"
2026-03-31T18:37:45Z WRN Connection terminated error="connection with edge closed" connIndex=3
2026-03-31T18:38:02Z INF Registered tunnel connection connIndex=3 connection=9569af9f-969a-41d9-ab7f-e14a3ece930e event=0 ip=198.41.192.47 location=dfw14 protocol=http2
2026-03-31T18:38:12Z INF Lost connection with the edge connIndex=1
2026-03-31T18:38:12Z WRN Serve tunnel error error="connection with edge closed" connIndex=1 event=0 ip=198.41.192.57
2026-03-31T18:38:12Z INF Retrying connection in up to 1s connIndex=1 event=0 ip=198.41.192.57
2026-03-31T18:38:12Z ERR  error="context canceled" connIndex=1 event=1 ingressRule=0 originService=http://localhost:3001
2026-03-31T18:38:12Z ERR failed to serve incoming request error="Failed to proxy HTTP: context canceled"
2026-03-31T18:38:12Z ERR failed to serve incoming request error="Error shutting down control stream: context canceled"
2026-03-31T18:38:12Z WRN Connection terminated error="connection with edge closed" connIndex=1
2026-03-31T18:38:24Z INF Registered tunnel connection connIndex=1 connection=d96a100e-c6fe-4b86-a65d-e5080be00b70 event=0 ip=198.41.192.57 location=dfw15 protocol=http2
2026-03-31T19:12:23Z ERR  error="Unable to reach the origin service. The service may be down or it may not be responding to traffic from cloudflared: dial tcp [::1]:3001: connectex: No connection could be made because the target machine actively refused it." connIndex=3 event=1 ingressRule=0 originService=http://localhost:3001
2026-03-31T19:12:23Z ERR failed to serve incoming request error="Failed to proxy HTTP: Unable to reach the origin service. The service may be down or it may not be responding to traffic from cloudflared: dial tcp [::1]:3001: connectex: No connection could be made because the target machine actively refused it."
2026-03-31T19:12:24Z ERR  error="Unable to reach the origin service. The service may be down or it may not be responding to traffic from cloudflared: dial tcp [::1]:3001: connectex: No connection could be made because the target machine actively refused it." connIndex=3 event=1 ingressRule=0 originService=http://localhost:3001
2026-03-31T19:12:24Z ERR failed to serve incoming request error="Failed to proxy HTTP: Unable to reach the origin service. The service may be down or it may not be responding to traffic from cloudflared: dial tcp [::1]:3001: connectex: No connection could be made because the target machine actively refused it."
2026-03-31T19:12:25Z ERR  error="Unable to reach the origin service. The service may be down or it may not be responding to traffic from cloudflared: dial tcp [::1]:3001: connectex: No connection could be made because the target machine actively refused it." connIndex=2 event=1 ingressRule=0 originService=http://localhost:3001
2026-03-31T19:12:25Z ERR failed to serve incoming request error="Failed to proxy HTTP: Unable to reach the origin service. The service may be down or it may not be responding to traffic from cloudflared: dial tcp [::1]:3001: connectex: No connection could be made because the target machine actively refused it."
2026-03-31T20:09:07Z INF Lost connection with the edge connIndex=3
2026-03-31T20:09:07Z ERR  error="context canceled" connIndex=3 event=1 ingressRule=0 originService=http://localhost:3001
2026-03-31T20:09:07Z ERR  error="Incoming request ended abruptly: context canceled" connIndex=3 event=1 ingressRule=0 originService=http://localhost:3001
2026-03-31T20:09:07Z ERR  error="Incoming request ended abruptly: context canceled" connIndex=3 event=1 ingressRule=0 originService=http://localhost:3001
2026-03-31T20:09:07Z ERR failed to serve incoming request error="Failed to proxy HTTP: Incoming request ended abruptly: context canceled"
2026-03-31T20:09:07Z ERR failed to serve incoming request error="Error shutting down control stream: client disconnected"
2026-03-31T20:09:07Z ERR failed to serve incoming request error="Failed to proxy HTTP: context canceled"
2026-03-31T20:09:07Z ERR failed to serve incoming request error="Failed to proxy HTTP: Incoming request ended abruptly: context canceled"
2026-03-31T20:09:07Z WRN Serve tunnel error error="connection with edge closed" connIndex=3 event=0 ip=198.41.192.47
2026-03-31T20:09:07Z INF Retrying connection in up to 1s connIndex=3 event=0 ip=198.41.192.47
2026-03-31T20:09:08Z ERR failed to serve incoming request error="Error shutting down control stream: context canceled"
2026-03-31T20:09:08Z ERR  error="Incoming request ended abruptly: context canceled" connIndex=1 event=1 ingressRule=0 originService=http://localhost:3001
2026-03-31T20:09:08Z ERR  error="context canceled" connIndex=1 event=1 ingressRule=0 originService=http://localhost:3001
2026-03-31T20:09:08Z ERR  error="Incoming request ended abruptly: context canceled" connIndex=1 event=1 ingressRule=0 originService=http://localhost:3001
2026-03-31T20:09:08Z ERR failed to serve incoming request error="Failed to proxy HTTP: Incoming request ended abruptly: context canceled"
2026-03-31T20:09:08Z WRN Serve tunnel error error="Error shutting down control stream: context canceled" connIndex=1 event=0 ip=198.41.192.57
2026-03-31T20:09:08Z ERR failed to serve incoming request error="Failed to proxy HTTP: Incoming request ended abruptly: context canceled"
2026-03-31T20:09:08Z ERR failed to serve incoming request error="Failed to proxy HTTP: context canceled"
2026-03-31T20:09:08Z INF Retrying connection in up to 1s connIndex=1 event=0 ip=198.41.192.57
2026-03-31T20:09:08Z WRN Connection terminated error="connection with edge closed" connIndex=3
2026-03-31T20:09:08Z WRN Connection terminated error="Error shutting down control stream: context canceled" connIndex=1
2026-03-31T20:09:09Z ERR  error="Unable to reach the origin service. The service may be down or it may not be responding to traffic from cloudflared: EOF" connIndex=0 event=1 ingressRule=0 originService=http://localhost:3001
2026-03-31T20:09:09Z ERR failed to serve incoming request error="Failed to proxy HTTP: Unable to reach the origin service. The service may be down or it may not be responding to traffic from cloudflared: EOF"
2026-03-31T20:09:11Z ERR  error="Unable to reach the origin service. The service may be down or it may not be responding to traffic from cloudflared: EOF" connIndex=0 event=1 ingressRule=0 originService=http://localhost:3001
2026-03-31T20:09:11Z ERR failed to serve incoming request error="Failed to proxy HTTP: Unable to reach the origin service. The service may be down or it may not be responding to traffic from cloudflared: EOF"
2026-03-31T20:09:13Z ERR  error="Unable to reach the origin service. The service may be down or it may not be responding to traffic from cloudflared: EOF" connIndex=0 event=1 ingressRule=0 originService=http://localhost:3001
2026-03-31T20:09:13Z ERR failed to serve incoming request error="Failed to proxy HTTP: Unable to reach the origin service. The service may be down or it may not be responding to traffic from cloudflared: EOF"
2026-03-31T20:09:15Z ERR  error="Unable to reach the origin service. The service may be down or it may not be responding to traffic from cloudflared: EOF" connIndex=0 event=1 ingressRule=0 originService=http://localhost:3001
2026-03-31T20:09:15Z ERR failed to serve incoming request error="Failed to proxy HTTP: Unable to reach the origin service. The service may be down or it may not be responding to traffic from cloudflared: EOF"
2026-03-31T20:09:16Z ERR  error="Unable to reach the origin service. The service may be down or it may not be responding to traffic from cloudflared: EOF" connIndex=0 event=1 ingressRule=0 originService=http://localhost:3001
2026-03-31T20:09:16Z ERR failed to serve incoming request error="Failed to proxy HTTP: Unable to reach the origin service. The service may be down or it may not be responding to traffic from cloudflared: EOF"
2026-03-31T20:09:18Z ERR  error="Unable to reach the origin service. The service may be down or it may not be responding to traffic from cloudflared: EOF" connIndex=0 event=1 ingressRule=0 originService=http://localhost:3001
2026-03-31T20:09:18Z ERR failed to serve incoming request error="Failed to proxy HTTP: Unable to reach the origin service. The service may be down or it may not be responding to traffic from cloudflared: EOF"
2026-03-31T20:09:19Z INF Registered tunnel connection connIndex=1 connection=06b659ad-b202-44e4-962e-6613d7a42969 event=0 ip=198.41.192.57 location=dfw07 protocol=http2
2026-03-31T20:09:19Z INF Registered tunnel connection connIndex=3 connection=c8ac3be7-91ff-4c5e-9a99-3e3c436ea8b4 event=0 ip=198.41.192.47 location=dfw01 protocol=http2
2026-03-31T20:09:20Z ERR  error="Unable to reach the origin service. The service may be down or it may not be responding to traffic from cloudflared: EOF" connIndex=1 event=1 ingressRule=0 originService=http://localhost:3001
2026-03-31T20:09:20Z ERR failed to serve incoming request error="Failed to proxy HTTP: Unable to reach the origin service. The service may be down or it may not be responding to traffic from cloudflared: EOF"
2026-03-31T20:09:25Z ERR failed to serve incoming request error="Error shutting down control stream: client disconnected"
2026-03-31T20:09:25Z ERR  error="Incoming request ended abruptly: context canceled" connIndex=3 event=1 ingressRule=0 originService=http://localhost:3001
2026-03-31T20:09:25Z ERR failed to serve incoming request error="Failed to proxy HTTP: Incoming request ended abruptly: context canceled"
2026-03-31T20:09:25Z WRN Serve tunnel error error="Error shutting down control stream: client disconnected" connIndex=3 event=0 ip=198.41.192.47
2026-03-31T20:09:25Z INF Retrying connection in up to 1s connIndex=3 event=0 ip=198.41.192.47
2026-03-31T20:09:25Z WRN Connection terminated error="Error shutting down control stream: client disconnected" connIndex=3
2026-03-31T20:09:30Z INF Registered tunnel connection connIndex=3 connection=0f513b48-27eb-486d-a327-b0cae1f2fe0f event=0 ip=198.41.192.47 location=dfw11 protocol=http2
